This is pdfTeX, Version 3.1415926-2.5-1.40.14 (TeX Live 2013) (format=pdflatex 2013.5.30)  25 FEB 2014 00:38
entering extended mode
 restricted \write18 enabled.
 file:line:error style messages enabled.
 %&-line parsing enabled.
**TwoDHeatEquation.tex
(./TwoDHeatEquation.tex
LaTeX2e <2011/06/27>
Babel <3.9f> and hyphenation patterns for 78 languages loaded.
./TwoDHeatEquation.tex:9: Undefined control sequence.
l.9 \subsection
               *{Contents}
The control sequence at the end of the top line
of your error message was never \def'ed. If you have
misspelled it (e.g., `\hobx'), type `I' and the correct
spelling (e.g., `I\hbox'). Otherwise just continue,
and I'll forget about whatever was undefined.


./TwoDHeatEquation.tex:9: LaTeX Error: Missing \begin{document}.

See the LaTeX manual or LaTeX Companion for explanation.
Type  H <return>  for immediate help.
 ...                                              
                                                  
l.9 \subsection*
                {Contents}
You're in trouble here.  Try typing  <return>  to proceed.
If that doesn't work, type  X <return>  to quit.

Missing character: There is no * in font nullfont!
Missing character: There is no C in font nullfont!
Missing character: There is no o in font nullfont!
Missing character: There is no n in font nullfont!
Missing character: There is no t in font nullfont!
Missing character: There is no e in font nullfont!
Missing character: There is no n in font nullfont!
Missing character: There is no t in font nullfont!
Missing character: There is no s in font nullfont!

Overfull \hbox (20.0pt too wide) in paragraph at lines 9--10
[] 
 []


./TwoDHeatEquation.tex:11: LaTeX Error: Missing \begin{document}.

See the LaTeX manual or LaTeX Companion for explanation.
Type  H <return>  for immediate help.
 ...                                              
                                                  
l.11 \begin{itemize}
                    
You're in trouble here.  Try typing  <return>  to proceed.
If that doesn't work, type  X <return>  to quit.


Overfull \hbox (20.0pt too wide) in paragraph at lines 11--11
[] 
 []

Missing character: There is no * in font nullfont!
Missing character: There is no S in font nullfont!
Missing character: There is no e in font nullfont!
Missing character: There is no t in font nullfont!
Missing character: There is no u in font nullfont!
Missing character: There is no p in font nullfont!
Missing character: There is no t in font nullfont!
Missing character: There is no h in font nullfont!
Missing character: There is no e in font nullfont!
Missing character: There is no L in font nullfont!
Missing character: There is no a in font nullfont!
Missing character: There is no p in font nullfont!
Missing character: There is no l in font nullfont!
Missing character: There is no a in font nullfont!
Missing character: There is no c in font nullfont!
Missing character: There is no i in font nullfont!
Missing character: There is no a in font nullfont!
Missing character: There is no n in font nullfont!
Missing character: There is no M in font nullfont!
Missing character: There is no a in font nullfont!
Missing character: There is no t in font nullfont!
Missing character: There is no r in font nullfont!
Missing character: There is no i in font nullfont!
Missing character: There is no x in font nullfont!
Missing character: There is no x in font nullfont!
Missing character: There is no - in font nullfont!
Missing character: There is no d in font nullfont!
Missing character: There is no i in font nullfont!
Missing character: There is no r in font nullfont!
Missing character: There is no e in font nullfont!
Missing character: There is no c in font nullfont!
Missing character: There is no t in font nullfont!
Missing character: There is no i in font nullfont!
Missing character: There is no o in font nullfont!
Missing character: There is no n in font nullfont!
Missing character: There is no * in font nullfont!
Missing character: There is no C in font nullfont!
Missing character: There is no o in font nullfont!
Missing character: There is no m in font nullfont!
Missing character: There is no b in font nullfont!
Missing character: There is no i in font nullfont!
Missing character: There is no n in font nullfont!
Missing character: There is no e in font nullfont!
Missing character: There is no l in font nullfont!
Missing character: There is no a in font nullfont!
Missing character: There is no p in font nullfont!
Missing character: There is no w in font nullfont!
Missing character: There is no i in font nullfont!
Missing character: There is no t in font nullfont!
Missing character: There is no h in font nullfont!
Missing character: There is no i in font nullfont!
Missing character: There is no d in font nullfont!
Missing character: There is no e in font nullfont!
Missing character: There is no n in font nullfont!
Missing character: There is no t in font nullfont!
Missing character: There is no i in font nullfont!
Missing character: There is no t in font nullfont!
Missing character: There is no y in font nullfont!
Missing character: There is no m in font nullfont!
Missing character: There is no a in font nullfont!
Missing character: There is no t in font nullfont!
Missing character: There is no r in font nullfont!
Missing character: There is no i in font nullfont!
Missing character: There is no x in font nullfont!
Missing character: There is no I in font nullfont!
Missing character: There is no n in font nullfont!
Missing character: There is no i in font nullfont!
Missing character: There is no t in font nullfont!
Missing character: There is no i in font nullfont!
Missing character: There is no a in font nullfont!
Missing character: There is no l in font nullfont!
Missing character: There is no i in font nullfont!
Missing character: There is no z in font nullfont!
Missing character: There is no e in font nullfont!
Missing character: There is no S in font nullfont!
Missing character: There is no o in font nullfont!
Missing character: There is no u in font nullfont!
Missing character: There is no r in font nullfont!
Missing character: There is no c in font nullfont!
Missing character: There is no e in font nullfont!
Missing character: There is no f in font nullfont!
Missing character: There is no u in font nullfont!
Missing character: There is no n in font nullfont!
Missing character: There is no c in font nullfont!
Missing character: There is no t in font nullfont!
Missing character: There is no i in font nullfont!
Missing character: There is no o in font nullfont!
Missing character: There is no n in font nullfont!
Missing character: There is no * in font nullfont!
Missing character: There is no I in font nullfont!
Missing character: There is no n in font nullfont!
Missing character: There is no i in font nullfont!
Missing character: There is no t in font nullfont!
Missing character: There is no i in font nullfont!
Missing character: There is no a in font nullfont!
Missing character: There is no l in font nullfont!
Missing character: There is no i in font nullfont!
Missing character: There is no z in font nullfont!
Missing character: There is no e in font nullfont!
Missing character: There is no l in font nullfont!
Missing character: There is no o in font nullfont!
Missing character: There is no o in font nullfont!
Missing character: There is no p in font nullfont!
Missing character: There is no a in font nullfont!
Missing character: There is no n in font nullfont!
Missing character: There is no d in font nullfont!
Missing character: There is no p in font nullfont!
Missing character: There is no l in font nullfont!
Missing character: There is no o in font nullfont!
Missing character: There is no t in font nullfont!
Missing character: There is no v in font nullfont!
Missing character: There is no a in font nullfont!
Missing character: There is no r in font nullfont!
Missing character: There is no i in font nullfont!
Missing character: There is no a in font nullfont!
Missing character: There is no b in font nullfont!
Missing character: There is no l in font nullfont!
Missing character: There is no e in font nullfont!
Missing character: There is no s in font nullfont!
Missing character: There is no * in font nullfont!
Missing character: There is no L in font nullfont!
Missing character: There is no o in font nullfont!
Missing character: There is no o in font nullfont!
Missing character: There is no p in font nullfont!
Missing character: There is no o in font nullfont!
Missing character: There is no v in font nullfont!
Missing character: There is no e in font nullfont!
Missing character: There is no r in font nullfont!
Missing character: There is no d in font nullfont!
Missing character: There is no e in font nullfont!
Missing character: There is no s in font nullfont!
Missing character: There is no i in font nullfont!
Missing character: There is no r in font nullfont!
Missing character: There is no e in font nullfont!
Missing character: There is no d in font nullfont!
Missing character: There is no n in font nullfont!
Missing character: There is no u in font nullfont!
Missing character: There is no m in font nullfont!
Missing character: There is no b in font nullfont!
Missing character: There is no e in font nullfont!
Missing character: There is no r in font nullfont!
Missing character: There is no o in font nullfont!
Missing character: There is no f in font nullfont!
Missing character: There is no s in font nullfont!
Missing character: There is no t in font nullfont!
Missing character: There is no e in font nullfont!
Missing character: There is no p in font nullfont!
Missing character: There is no s in font nullfont!
Missing character: There is no ( in font nullfont!
Missing character: There is no w in font nullfont!
Missing character: There is no a in font nullfont!
Missing character: There is no v in font nullfont!
Missing character: There is no e in font nullfont!
Missing character: There is no c in font nullfont!
Missing character: There is no i in font nullfont!
Missing character: There is no r in font nullfont!
Missing character: There is no c in font nullfont!
Missing character: There is no l in font nullfont!
Missing character: There is no e in font nullfont!
Missing character: There is no s in font nullfont!
Missing character: There is no s in font nullfont!
Missing character: There is no y in font nullfont!
Missing character: There is no s in font nullfont!
Missing character: There is no t in font nullfont!
Missing character: There is no e in font nullfont!
Missing character: There is no m in font nullfont!
Missing character: There is no o in font nullfont!
Missing character: There is no n in font nullfont!
Missing character: There is no c in font nullfont!
Missing character: There is no e in font nullfont!
Missing character: There is no ) in font nullfont!
Missing character: There is no P in font nullfont!
Missing character: There is no l in font nullfont!
Missing character: There is no o in font nullfont!
Missing character: There is no t in font nullfont!

Overfull \hbox (314.99725pt too wide) in paragraph at lines 37--37
[]\OT1/cmtt/m/n/10 % TwoDHeatEquation - Program to solve the diffusion equation
[] 
 []


Overfull \hbox (173.24849pt too wide) in paragraph at lines 37--37
[]\OT1/cmtt/m/n/10 % using the Backward Euler method[] 
 []


Overfull \hbox (320.24721pt too wide) in paragraph at lines 37--37
[]\OT1/cmtt/m/n/10 clear; help TwoDHeatEquation; % Clear memory and print heade
r[] 
 []


Overfull \hbox (293.99744pt too wide) in paragraph at lines 37--37
[]\OT1/cmtt/m/n/10 %* Initialize parameters (time step, grid spacing, etc.)[] 
 []


Overfull \hbox (152.24867pt too wide) in paragraph at lines 37--37
[]\OT1/cmtt/m/n/10 tau = 0.05; % Enter time step[] 
 []


Overfull \hbox (167.99854pt too wide) in paragraph at lines 37--37
[]\OT1/cmtt/m/n/10 N = 100; % Number of grid points[] 
 []


Overfull \hbox (309.7473pt too wide) in paragraph at lines 37--37
[]\OT1/cmtt/m/n/10 L = 1; % The system extends from (x,y)=(0,0) to (x,y)=(L,L)[
] 
 []


Overfull \hbox (41.99963pt too wide) in paragraph at lines 37--37
[]\OT1/cmtt/m/n/10 h = L/N;[] 
 []


Overfull \hbox (62.99945pt too wide) in paragraph at lines 37--37
[]\OT1/cmtt/m/n/10 i = 0:(N-1);[] 
 []


Overfull \hbox (62.99945pt too wide) in paragraph at lines 37--37
[]\OT1/cmtt/m/n/10 j = 0:(N-1);[] 
 []


Overfull \hbox (73.49936pt too wide) in paragraph at lines 37--37
[]\OT1/cmtt/m/n/10 x = h/2 + i*h;[] 
 []


Overfull \hbox (73.49936pt too wide) in paragraph at lines 37--37
[]\OT1/cmtt/m/n/10 y = h/2 + j*h;[] 
 []


Overfull \hbox (41.99963pt too wide) in paragraph at lines 37--37
[]\OT1/cmtt/m/n/10 w = 0.2;[] 
 []


Overfull \hbox (47.24959pt too wide) in paragraph at lines 37--37
[]\OT1/cmtt/m/n/10 xs = 0.5;[] 
 []


Overfull \hbox (47.24959pt too wide) in paragraph at lines 37--37
[]\OT1/cmtt/m/n/10 ys = 0.5;[] 
 []

./TwoDHeatEquation.tex:39: Undefined control sequence.
l.39         \color
                   {lightgray} \begin{verbatim}  TwoDHeatEquation - Program ...
The control sequence at the end of the top line
of your error message was never \def'ed. If you have
misspelled it (e.g., `\hobx'), type `I' and the correct
spelling (e.g., `I\hbox'). Otherwise just continue,
and I'll forget about whatever was undefined.

Missing character: There is no l in font nullfont!
Missing character: There is no i in font nullfont!
Missing character: There is no g in font nullfont!
Missing character: There is no h in font nullfont!
Missing character: There is no t in font nullfont!
Missing character: There is no g in font nullfont!
Missing character: There is no r in font nullfont!
Missing character: There is no a in font nullfont!
Missing character: There is no y in font nullfont!

Overfull \hbox (20.0pt too wide) in paragraph at lines 39--39
[] 
 []


Overfull \hbox (314.99725pt too wide) in paragraph at lines 42--42
[]  \OT1/cmtt/m/n/10 TwoDHeatEquation - Program to solve the diffusion equation
 
 []


Overfull \hbox (173.24849pt too wide) in paragraph at lines 42--42
[]  \OT1/cmtt/m/n/10 using the Backward Euler method[] 
 []

./TwoDHeatEquation.tex:42: Undefined control sequence.
l.42 \end{verbatim} \color
                          {black}
The control sequence at the end of the top line
of your error message was never \def'ed. If you have
misspelled it (e.g., `\hobx'), type `I' and the correct
spelling (e.g., `I\hbox'). Otherwise just continue,
and I'll forget about whatever was undefined.

Missing character: There is no b in font nullfont!
Missing character: There is no l in font nullfont!
Missing character: There is no a in font nullfont!
Missing character: There is no c in font nullfont!
Missing character: There is no k in font nullfont!
./TwoDHeatEquation.tex:45: Undefined control sequence.
l.45 \subsection
                *{* Set up the Laplacian Matrix x-direction}
The control sequence at the end of the top line
of your error message was never \def'ed. If you have
misspelled it (e.g., `\hobx'), type `I' and the correct
spelling (e.g., `I\hbox'). Otherwise just continue,
and I'll forget about whatever was undefined.

Missing character: There is no * in font nullfont!
Missing character: There is no * in font nullfont!
Missing character: There is no S in font nullfont!
Missing character: There is no e in font nullfont!
Missing character: There is no t in font nullfont!
Missing character: There is no u in font nullfont!
Missing character: There is no p in font nullfont!
Missing character: There is no t in font nullfont!
Missing character: There is no h in font nullfont!
Missing character: There is no e in font nullfont!
Missing character: There is no L in font nullfont!
Missing character: There is no a in font nullfont!
Missing character: There is no p in font nullfont!
Missing character: There is no l in font nullfont!
Missing character: There is no a in font nullfont!
Missing character: There is no c in font nullfont!
Missing character: There is no i in font nullfont!
Missing character: There is no a in font nullfont!
Missing character: There is no n in font nullfont!
Missing character: There is no M in font nullfont!
Missing character: There is no a in font nullfont!
Missing character: There is no t in font nullfont!
Missing character: There is no r in font nullfont!
Missing character: There is no i in font nullfont!
Missing character: There is no x in font nullfont!
Missing character: There is no x in font nullfont!
Missing character: There is no - in font nullfont!
Missing character: There is no d in font nullfont!
Missing character: There is no i in font nullfont!
Missing character: There is no r in font nullfont!
Missing character: There is no e in font nullfont!
Missing character: There is no c in font nullfont!
Missing character: There is no t in font nullfont!
Missing character: There is no i in font nullfont!
Missing character: There is no o in font nullfont!
Missing character: There is no n in font nullfont!

Overfull \hbox (20.0pt too wide) in paragraph at lines 45--46
[]
 []


Overfull \hbox (20.0pt too wide) in paragraph at lines 47--47
[] 
 []


Overfull \hbox (225.74803pt too wide) in paragraph at lines 65--65
[]\OT1/cmtt/m/n/10 lap = zeros(N);  % Set all elements to zero[] 
 []


Overfull \hbox (73.49936pt too wide) in paragraph at lines 65--65
[]\OT1/cmtt/m/n/10 coeff = 1/h^2;[] 
 []


Overfull \hbox (68.2494pt too wide) in paragraph at lines 65--65
[]\OT1/cmtt/m/n/10 for i=2:(N-1)[] 
 []


Overfull \hbox (89.24922pt too wide) in paragraph at lines 65--65
[]    \OT1/cmtt/m/n/10 for j=2:(N-1)[] 
 []


Overfull \hbox (152.24867pt too wide) in paragraph at lines 65--65
[]        \OT1/cmtt/m/n/10 lap(i,i-1,j) = coeff;[] 
 []


Overfull \hbox (267.74767pt too wide) in paragraph at lines 65--65
[]        \OT1/cmtt/m/n/10 lap(i,i,j) = -4*coeff;  % Set interior rows[] 
 []


Overfull \hbox (152.24867pt too wide) in paragraph at lines 65--65
[]        \OT1/cmtt/m/n/10 lap(i,i+1,j) = coeff;[] 
 []


Overfull \hbox (152.24867pt too wide) in paragraph at lines 65--65
[]        \OT1/cmtt/m/n/10 lap(i,i,j-1) = coeff;[] 
 []


Overfull \hbox (152.24867pt too wide) in paragraph at lines 65--65
[]        \OT1/cmtt/m/n/10 lap(i,i,j+1) = coeff;[] 
 []


Overfull \hbox (36.74968pt too wide) in paragraph at lines 65--65
[]    \OT1/cmtt/m/n/10 end[] 
 []


Overfull \hbox (15.74986pt too wide) in paragraph at lines 65--65
[]\OT1/cmtt/m/n/10 end[] 
 []


Overfull \hbox (94.49918pt too wide) in paragraph at lines 65--65
[]\OT1/cmtt/m/n/10 lap(1,1,1)=-coeff;[] 
 []


Overfull \hbox (89.24922pt too wide) in paragraph at lines 65--65
[]\OT1/cmtt/m/n/10 lap(1,2,2)=coeff;[] 
 []


Overfull \hbox (94.49918pt too wide) in paragraph at lines 65--65
[]\OT1/cmtt/m/n/10 lap(N,N,N)=-coeff;[] 
 []


Overfull \hbox (110.24904pt too wide) in paragraph at lines 65--65
[]\OT1/cmtt/m/n/10 lap(N,N-1,N-1)=coeff;[] 
 []


Overfull \hbox (110.24904pt too wide) in paragraph at lines 65--65
[]\OT1/cmtt/m/n/10 iMatrix=zeros(N,N,N);[] 
 []


Overfull \hbox (131.24886pt too wide) in paragraph at lines 65--65
[]\OT1/cmtt/m/n/10 iMatrix(1:1+N+N^2:end)=1;[] 
 []

./TwoDHeatEquation.tex:68: Undefined control sequence.
l.68 \subsection
                *{* Combine lap with identity matrix}
The control sequence at the end of the top line
of your error message was never \def'ed. If you have
misspelled it (e.g., `\hobx'), type `I' and the correct
spelling (e.g., `I\hbox'). Otherwise just continue,
and I'll forget about whatever was undefined.

Missing character: There is no * in font nullfont!
Missing character: There is no * in font nullfont!
Missing character: There is no C in font nullfont!
Missing character: There is no o in font nullfont!
Missing character: There is no m in font nullfont!
Missing character: There is no b in font nullfont!
Missing character: There is no i in font nullfont!
Missing character: There is no n in font nullfont!
Missing character: There is no e in font nullfont!
Missing character: There is no l in font nullfont!
Missing character: There is no a in font nullfont!
Missing character: There is no p in font nullfont!
Missing character: There is no w in font nullfont!
Missing character: There is no i in font nullfont!
Missing character: There is no t in font nullfont!
Missing character: There is no h in font nullfont!
Missing character: There is no i in font nullfont!
Missing character: There is no d in font nullfont!
Missing character: There is no e in font nullfont!
Missing character: There is no n in font nullfont!
Missing character: There is no t in font nullfont!
Missing character: There is no i in font nullfont!
Missing character: There is no t in font nullfont!
Missing character: There is no y in font nullfont!
Missing character: There is no m in font nullfont!
Missing character: There is no a in font nullfont!
Missing character: There is no t in font nullfont!
Missing character: There is no r in font nullfont!
Missing character: There is no i in font nullfont!
Missing character: There is no x in font nullfont!

Overfull \hbox (20.0pt too wide) in paragraph at lines 68--69
[]
 []


Overfull \hbox (20.0pt too wide) in paragraph at lines 70--70
[] 
 []


Overfull \hbox (120.74895pt too wide) in paragraph at lines 72--72
[]\OT1/cmtt/m/n/10 dM = iMatrix - tau*lap;[] 
 []

./TwoDHeatEquation.tex:75: Undefined control sequence.
l.75 \subsection
                *{Initialize Source function}
The control sequence at the end of the top line
of your error message was never \def'ed. If you have
misspelled it (e.g., `\hobx'), type `I' and the correct
spelling (e.g., `I\hbox'). Otherwise just continue,
and I'll forget about whatever was undefined.

Missing character: There is no * in font nullfont!
Missing character: There is no I in font nullfont!
Missing character: There is no n in font nullfont!
Missing character: There is no i in font nullfont!
Missing character: There is no t in font nullfont!
Missing character: There is no i in font nullfont!
Missing character: There is no a in font nullfont!
Missing character: There is no l in font nullfont!
Missing character: There is no i in font nullfont!
Missing character: There is no z in font nullfont!
Missing character: There is no e in font nullfont!
Missing character: There is no S in font nullfont!
Missing character: There is no o in font nullfont!
Missing character: There is no u in font nullfont!
Missing character: There is no r in font nullfont!
Missing character: There is no c in font nullfont!
Missing character: There is no e in font nullfont!
Missing character: There is no f in font nullfont!
Missing character: There is no u in font nullfont!
Missing character: There is no n in font nullfont!
Missing character: There is no c in font nullfont!
Missing character: There is no t in font nullfont!
Missing character: There is no i in font nullfont!
Missing character: There is no o in font nullfont!
Missing character: There is no n in font nullfont!

Overfull \hbox (20.0pt too wide) in paragraph at lines 75--76
[]
 []


Overfull \hbox (20.0pt too wide) in paragraph at lines 77--77
[] 
 []


Overfull \hbox (209.99817pt too wide) in paragraph at lines 85--85
[]\OT1/cmtt/m/n/10 S = zeros(N); % Set all elements to zero[] 
 []


Overfull \hbox (120.74895pt too wide) in paragraph at lines 85--85
[]\OT1/cmtt/m/n/10 xExponent = (x'-xs).^2;[] 
 []


Overfull \hbox (115.499pt too wide) in paragraph at lines 85--85
[]\OT1/cmtt/m/n/10 yExponent = (y-ys).^2;[] 
 []


Overfull \hbox (125.9989pt too wide) in paragraph at lines 85--85
[]\OT1/cmtt/m/n/10 S = exp(-xExponent/w^2);[] 
 []


Overfull \hbox (36.74968pt too wide) in paragraph at lines 85--85
[]\OT1/cmtt/m/n/10 Q0 = S;[] 
 []


Overfull \hbox (241.4979pt too wide) in paragraph at lines 85--85
[]\OT1/cmtt/m/n/10 S3D = exp(-xExponent/w^2)*exp(-yExponent/w^2);[] 
 []


Overfull \hbox (52.49954pt too wide) in paragraph at lines 85--85
[]\OT1/cmtt/m/n/10 mesh(S3D);[] 
 []

./TwoDHeatEquation.tex:87: Undefined control sequence.
l.87 \subsection
                *{* Initialize loop and plot variables}
The control sequence at the end of the top line
of your error message was never \def'ed. If you have
misspelled it (e.g., `\hobx'), type `I' and the correct
spelling (e.g., `I\hbox'). Otherwise just continue,
and I'll forget about whatever was undefined.

Missing character: There is no * in font nullfont!
Missing character: There is no * in font nullfont!
Missing character: There is no I in font nullfont!
Missing character: There is no n in font nullfont!
Missing character: There is no i in font nullfont!
Missing character: There is no t in font nullfont!
Missing character: There is no i in font nullfont!
Missing character: There is no a in font nullfont!
Missing character: There is no l in font nullfont!
Missing character: There is no i in font nullfont!
Missing character: There is no z in font nullfont!
Missing character: There is no e in font nullfont!
Missing character: There is no l in font nullfont!
Missing character: There is no o in font nullfont!
Missing character: There is no o in font nullfont!
Missing character: There is no p in font nullfont!
Missing character: There is no a in font nullfont!
Missing character: There is no n in font nullfont!
Missing character: There is no d in font nullfont!
Missing character: There is no p in font nullfont!
Missing character: There is no l in font nullfont!
Missing character: There is no o in font nullfont!
Missing character: There is no t in font nullfont!
Missing character: There is no v in font nullfont!
Missing character: There is no a in font nullfont!
Missing character: There is no r in font nullfont!
Missing character: There is no i in font nullfont!
Missing character: There is no a in font nullfont!
Missing character: There is no b in font nullfont!
Missing character: There is no l in font nullfont!
Missing character: There is no e in font nullfont!
Missing character: There is no s in font nullfont!

Overfull \hbox (20.0pt too wide) in paragraph at lines 87--88
[]
 []


Overfull \hbox (20.0pt too wide) in paragraph at lines 89--89
[] 
 []


Overfull \hbox (94.49918pt too wide) in paragraph at lines 93--93
[]\OT1/cmtt/m/n/10 max_iter = .5/tau;[] 
 []


Overfull \hbox (215.24812pt too wide) in paragraph at lines 93--93
[]\OT1/cmtt/m/n/10 time = linspace(0,max_iter*tau,max_iter);[] 
 []


Overfull \hbox (236.24794pt too wide) in paragraph at lines 93--93
[]\OT1/cmtt/m/n/10 Qplot(:,1) = S; % initial value set to source[] 
 []

./TwoDHeatEquation.tex:96: Undefined control sequence.
l.96 \subsection
                *{* Loop over desired number of steps (wave circles system o...
The control sequence at the end of the top line
of your error message was never \def'ed. If you have
misspelled it (e.g., `\hobx'), type `I' and the correct
spelling (e.g., `I\hbox'). Otherwise just continue,
and I'll forget about whatever was undefined.

Missing character: There is no * in font nullfont!
Missing character: There is no * in font nullfont!
Missing character: There is no L in font nullfont!
Missing character: There is no o in font nullfont!
Missing character: There is no o in font nullfont!
Missing character: There is no p in font nullfont!
Missing character: There is no o in font nullfont!
Missing character: There is no v in font nullfont!
Missing character: There is no e in font nullfont!
Missing character: There is no r in font nullfont!
Missing character: There is no d in font nullfont!
Missing character: There is no e in font nullfont!
Missing character: There is no s in font nullfont!
Missing character: There is no i in font nullfont!
Missing character: There is no r in font nullfont!
Missing character: There is no e in font nullfont!
Missing character: There is no d in font nullfont!
Missing character: There is no n in font nullfont!
Missing character: There is no u in font nullfont!
Missing character: There is no m in font nullfont!
Missing character: There is no b in font nullfont!
Missing character: There is no e in font nullfont!
Missing character: There is no r in font nullfont!
Missing character: There is no o in font nullfont!
Missing character: There is no f in font nullfont!
Missing character: There is no s in font nullfont!
Missing character: There is no t in font nullfont!
Missing character: There is no e in font nullfont!
Missing character: There is no p in font nullfont!
Missing character: There is no s in font nullfont!
Missing character: There is no ( in font nullfont!
Missing character: There is no w in font nullfont!
Missing character: There is no a in font nullfont!
Missing character: There is no v in font nullfont!
Missing character: There is no e in font nullfont!
Missing character: There is no c in font nullfont!
Missing character: There is no i in font nullfont!
Missing character: There is no r in font nullfont!
Missing character: There is no c in font nullfont!
Missing character: There is no l in font nullfont!
Missing character: There is no e in font nullfont!
Missing character: There is no s in font nullfont!
Missing character: There is no s in font nullfont!
Missing character: There is no y in font nullfont!
Missing character: There is no s in font nullfont!
Missing character: There is no t in font nullfont!
Missing character: There is no e in font nullfont!
Missing character: There is no m in font nullfont!
Missing character: There is no o in font nullfont!
Missing character: There is no n in font nullfont!
Missing character: There is no c in font nullfont!
Missing character: There is no e in font nullfont!
Missing character: There is no ) in font nullfont!

Overfull \hbox (20.0pt too wide) in paragraph at lines 96--97
[]
 []


Overfull \hbox (20.0pt too wide) in paragraph at lines 98--98
[] 
 []


Overfull \hbox (131.24886pt too wide) in paragraph at lines 109--109
[]\OT1/cmtt/m/n/10 for iter=2:round(.25/tau)[] 
 []


Overfull \hbox (157.49863pt too wide) in paragraph at lines 109--109
[]    \OT1/cmtt/m/n/10 %* Compute new temperature[] 
 []


Overfull \hbox (99.74913pt too wide) in paragraph at lines 109--109
[]    \OT1/cmtt/m/n/10 Q0 = dM\(Q0)+S;[] 
 []


Overfull \hbox (136.49881pt too wide) in paragraph at lines 109--109
[]    \OT1/cmtt/m/n/10 Qplot(:,iter) = Q0(:);[] 
 []


Overfull \hbox (15.74986pt too wide) in paragraph at lines 109--109
[]\OT1/cmtt/m/n/10 end[] 
 []


Overfull \hbox (167.99854pt too wide) in paragraph at lines 109--109
[]\OT1/cmtt/m/n/10 for iter=round(.25/tau):max_iter[] 
 []


Overfull \hbox (157.49863pt too wide) in paragraph at lines 109--109
[]    \OT1/cmtt/m/n/10 %* Compute new temperature[] 
 []


Overfull \hbox (89.24922pt too wide) in paragraph at lines 109--109
[]    \OT1/cmtt/m/n/10 Q0 = dM\(Q0);[] 
 []


Overfull \hbox (136.49881pt too wide) in paragraph at lines 109--109
[]    \OT1/cmtt/m/n/10 Qplot(:,iter) = Q0(:);[] 
 []


Overfull \hbox (15.74986pt too wide) in paragraph at lines 109--109
[]\OT1/cmtt/m/n/10 end[] 
 []

./TwoDHeatEquation.tex:111: Undefined control sequence.
l.111         \color
                    {lightgray} \begin{verbatim}Error using \
The control sequence at the end of the top line
of your error message was never \def'ed. If you have
misspelled it (e.g., `\hobx'), type `I' and the correct
spelling (e.g., `I\hbox'). Otherwise just continue,
and I'll forget about whatever was undefined.

Missing character: There is no l in font nullfont!
Missing character: There is no i in font nullfont!
Missing character: There is no g in font nullfont!
Missing character: There is no h in font nullfont!
Missing character: There is no t in font nullfont!
Missing character: There is no g in font nullfont!
Missing character: There is no r in font nullfont!
Missing character: There is no a in font nullfont!
Missing character: There is no y in font nullfont!

Overfull \hbox (20.0pt too wide) in paragraph at lines 111--111
[] 
 []


Overfull \hbox (68.2494pt too wide) in paragraph at lines 117--117
[]\OT1/cmtt/m/n/10 Error using \ 
 []


Overfull \hbox (299.24739pt too wide) in paragraph at lines 117--117
[]\OT1/cmtt/m/n/10 Inputs must be 2-D, or at least one input must be scalar.[] 

 []


Overfull \hbox (299.24739pt too wide) in paragraph at lines 117--117
[]\OT1/cmtt/m/n/10 To compute elementwise LDIVIDE, use LDIVIDE (.\) instead.[] 

 []


Overfull \hbox (183.7484pt too wide) in paragraph at lines 117--117
[]\OT1/cmtt/m/n/10 Error in TwoDHeatEquation (line 54)[] 
 []


Overfull \hbox (99.74913pt too wide) in paragraph at lines 117--117
[]    \OT1/cmtt/m/n/10 Q0 = dM\(Q0)+S;[] 
 []

./TwoDHeatEquation.tex:117: Undefined control sequence.
l.117 \end{verbatim} \color
                           {black}
The control sequence at the end of the top line
of your error message was never \def'ed. If you have
misspelled it (e.g., `\hobx'), type `I' and the correct
spelling (e.g., `I\hbox'). Otherwise just continue,
and I'll forget about whatever was undefined.

Missing character: There is no b in font nullfont!
Missing character: There is no l in font nullfont!
Missing character: There is no a in font nullfont!
Missing character: There is no c in font nullfont!
Missing character: There is no k in font nullfont!
./TwoDHeatEquation.tex:120: Undefined control sequence.
l.120 \subsection
                 *{Plot}
The control sequence at the end of the top line
of your error message was never \def'ed. If you have
misspelled it (e.g., `\hobx'), type `I' and the correct
spelling (e.g., `I\hbox'). Otherwise just continue,
and I'll forget about whatever was undefined.

Missing character: There is no * in font nullfont!
Missing character: There is no P in font nullfont!
Missing character: There is no l in font nullfont!
Missing character: There is no o in font nullfont!
Missing character: There is no t in font nullfont!

Overfull \hbox (20.0pt too wide) in paragraph at lines 120--121
[] 
 []


Overfull \hbox (20.0pt too wide) in paragraph at lines 122--122
[] 
 []


Overfull \hbox (73.49936pt too wide) in paragraph at lines 126--126
[]\OT1/cmtt/m/n/10 figure(2);clf;[] 
 []


Overfull \hbox (320.24721pt too wide) in paragraph at lines 126--126
[]\OT1/cmtt/m/n/10 mesh(time(length(time)/2:end),x,Qplot(:,length(time)/2:end))
;[] 
 []


Overfull \hbox (131.24886pt too wide) in paragraph at lines 126--126
[]\OT1/cmtt/m/n/10 xlabel('t'); ylabel('x');[] 
 []

)
! Emergency stop.
<*> TwoDHeatEquation.tex
                        
*** (job aborted, no legal \end found)

 
Here is how much of TeX's memory you used:
 10 strings out of 493315
 203 string characters out of 6137904
 61158 words of memory out of 5000000
 3561 multiletter control sequences out of 15000+600000
 3808 words of font info for 15 fonts, out of 8000000 for 9000
 957 hyphenation exceptions out of 8191
 18i,1n,14p,141b,158s stack positions out of 5000i,500n,10000p,200000b,80000s
!  ==> Fatal error occurred, no output PDF file produced!
