This is pdfTeX, Version 3.1415926-2.5-1.40.14 (TeX Live 2013) (format=.Heat_Equation 2014.5.28)  28 MAY 2014 20:36
entering extended mode
 restricted \write18 enabled.
 %&-line parsing enabled.
**&.Heat_Equation "./.Heat_Equation.tex"
(./.Heat_Equation.tex
LaTeX2e <2011/06/27>
Babel <3.9f> and hyphenation patterns for 78 languages loaded.
(./.Heat_Equation.aux)
\openout1 = `.Heat_Equation.aux'.

LaTeX Font Info:    Checking defaults for OML/cmm/m/it on input line 50.
LaTeX Font Info:    ... okay on input line 50.
LaTeX Font Info:    Checking defaults for T1/cmr/m/n on input line 50.
LaTeX Font Info:    ... okay on input line 50.
LaTeX Font Info:    Checking defaults for OT1/cmr/m/n on input line 50.
LaTeX Font Info:    ... okay on input line 50.
LaTeX Font Info:    Checking defaults for OMS/cmsy/m/n on input line 50.
LaTeX Font Info:    ... okay on input line 50.
LaTeX Font Info:    Checking defaults for OMX/cmex/m/n on input line 50.
LaTeX Font Info:    ... okay on input line 50.
LaTeX Font Info:    Checking defaults for U/cmr/m/n on input line 50.
LaTeX Font Info:    ... okay on input line 50.
LaTeX Font Info:    Checking defaults for PD1/pdf/m/n on input line 50.
LaTeX Font Info:    ... okay on input line 50.
LaTeX Font Info:    Checking defaults for PU/pdf/m/n on input line 50.
LaTeX Font Info:    ... okay on input line 50.
\AtBeginShipoutBox=\box30
(/usr/local/texlive/2013/texmf-dist/tex/context/base/supp-pdf.mkii
[Loading MPS to PDF converter (version 2006.09.02).]
\scratchcounter=\count124
\scratchdimen=\dimen143
\scratchbox=\box31
\nofMPsegments=\count125
\nofMParguments=\count126
\everyMPshowfont=\toks23
\MPscratchCnt=\count127
\MPscratchDim=\dimen144
\MPnumerator=\count128
\makeMPintoPDFobject=\count129
\everyMPtoPDFconversion=\toks24
) (/usr/local/texlive/2013/texmf-dist/tex/latex/oberdiek/epstopdf-base.sty
Package: epstopdf-base 2010/02/09 v2.5 Base part for package epstopdf
(/usr/local/texlive/2013/texmf-dist/tex/latex/oberdiek/grfext.sty
Package: grfext 2010/08/19 v1.1 Manage graphics extensions (HO)
)
Package grfext Info: Graphics extension search list:
(grfext)             [.png,.pdf,.jpg,.mps,.jpeg,.jbig2,.jb2,.PNG,.PDF,.JPG,.JPE
G,.JBIG2,.JB2,.eps]
(grfext)             \AppendGraphicsExtensions on input line 452.
(/usr/local/texlive/2013/texmf-dist/tex/latex/latexconfig/epstopdf-sys.cfg
File: epstopdf-sys.cfg 2010/07/13 v1.3 Configuration of (r)epstopdf for TeX Liv
e
))
Package hyperref Info: Link coloring ON on input line 50.
(/usr/local/texlive/2013/texmf-dist/tex/latex/hyperref/nameref.sty
Package: nameref 2012/10/27 v2.43 Cross-referencing by name of section
(/usr/local/texlive/2013/texmf-dist/tex/generic/oberdiek/gettitlestring.sty
Package: gettitlestring 2010/12/03 v1.4 Cleanup title references (HO)
)
\c@section@level=\count130
)
LaTeX Info: Redefining \ref on input line 50.
LaTeX Info: Redefining \pageref on input line 50.
LaTeX Info: Redefining \nameref on input line 50.
(./.Heat_Equation.out) (./.Heat_Equation.out)
\@outlinefile=\write3
\openout3 = `.Heat_Equation.out'.

(./Sections/Section1.tex) (./Sections/Section2.tex
Package epstopdf Info: Source file: <Figures/gridForNumericalSchemePlot.eps>
(epstopdf)                    date: 2014-02-23 19:05:54
(epstopdf)                    size: 132972 bytes
(epstopdf)             Output file: <Figures/gridForNumericalSchemePlot-eps-con
verted-to.pdf>
(epstopdf)                    date: 2014-02-23 19:05:56
(epstopdf)                    size: 8924 bytes
(epstopdf)             Command: <repstopdf --outfile=Figures/gridForNumericalSc
hemePlot-eps-converted-to.pdf Figures/gridForNumericalSchemePlot.eps>
(epstopdf)             \includegraphics on input line 8.
Package epstopdf Info: Output file is already uptodate.

<Figures/gridForNumericalSchemePlot-eps-converted-to.pdf, id=21, 473.77pt x 399
.4925pt>
File: Figures/gridForNumericalSchemePlot-eps-converted-to.pdf Graphic file (typ
e pdf)
<use Figures/gridForNumericalSchemePlot-eps-converted-to.pdf>
Package pdftex.def Info: Figures/gridForNumericalSchemePlot-eps-converted-to.pd
f used on input line 8.
(pdftex.def)             Requested size: 317.07614pt x 267.37207pt.
[1{/usr/local/texlive/2013/texmf-var/fonts/map/pdftex/updmap/pdftex.map}] [2 <.
/Figures/gridForNumericalSchemePlot-eps-converted-to.pdf>]
Overfull \hbox (11.70235pt too wide) in paragraph at lines 86--86
[] 
 []

[3]
! Extra alignment tab has been changed to \cr.
<recently read> \endtemplate 
                             
l.115 		4  & -1 & 0	&
                      -1 & 0 & 0 	& 0 & 0 & 0\\
You have given more \span or & marks than there were
in the preamble to the \halign or \valign now in progress.
So I'll assume that you meant to type \cr instead.

! Extra alignment tab has been changed to \cr.
<recently read> \endtemplate 
                             
l.115 		4  & -1 & 0	& -1 & 0 & 0 	&
                                    0 & 0 & 0\\
You have given more \span or & marks than there were
in the preamble to the \halign or \valign now in progress.
So I'll assume that you meant to type \cr instead.

! Extra alignment tab has been changed to \cr.
<recently read> \endtemplate 
                             
l.116 		-1 & 4  & -1 	&
                        0 & -1 & 0 	& 0 & 0 & 0\\
You have given more \span or & marks than there were
in the preamble to the \halign or \valign now in progress.
So I'll assume that you meant to type \cr instead.

! Extra alignment tab has been changed to \cr.
<recently read> \endtemplate 
                             
l.116 		-1 & 4  & -1 	& 0 & -1 & 0 	&
                                      0 & 0 & 0\\
You have given more \span or & marks than there were
in the preamble to the \halign or \valign now in progress.
So I'll assume that you meant to type \cr instead.

! Extra alignment tab has been changed to \cr.
<recently read> \endtemplate 
                             
l.117 		0  & -1 & 4  	&
                        0 & 0 & -1 	& 0 & 0 & 0\\
You have given more \span or & marks than there were
in the preamble to the \halign or \valign now in progress.
So I'll assume that you meant to type \cr instead.

! Extra alignment tab has been changed to \cr.
<recently read> \endtemplate 
                             
l.117 		0  & -1 & 4  	& 0 & 0 & -1 	&
                                      0 & 0 & 0\\
You have given more \span or & marks than there were
in the preamble to the \halign or \valign now in progress.
So I'll assume that you meant to type \cr instead.

! Extra alignment tab has been changed to \cr.
<recently read> \endtemplate 
                             
l.118 		-1 & 0  & 0  	&
                        4 & -1 & 0 	& -1 & 0 & 0\\
You have given more \span or & marks than there were
in the preamble to the \halign or \valign now in progress.
So I'll assume that you meant to type \cr instead.

! Extra alignment tab has been changed to \cr.
<recently read> \endtemplate 
                             
l.118 		-1 & 0  & 0  	& 4 & -1 & 0 	&
                                      -1 & 0 & 0\\
You have given more \span or & marks than there were
in the preamble to the \halign or \valign now in progress.
So I'll assume that you meant to type \cr instead.

! Extra alignment tab has been changed to \cr.
<recently read> \endtemplate 
                             
l.119 		0  & -1 & 0  	&
                        -1 & 4 & -1 	& 0 & -1 & 0\\
You have given more \span or & marks than there were
in the preamble to the \halign or \valign now in progress.
So I'll assume that you meant to type \cr instead.

! Extra alignment tab has been changed to \cr.
<recently read> \endtemplate 
                             
l.119 		0  & -1 & 0  	& -1 & 4 & -1 	&
                                       0 & -1 & 0\\
You have given more \span or & marks than there were
in the preamble to the \halign or \valign now in progress.
So I'll assume that you meant to type \cr instead.

! Extra alignment tab has been changed to \cr.
<recently read> \endtemplate 
                             
l.120 		0  & 0  & -1 	&
                        0 & -1 & 4 	& 0 & 0 & -1\\
You have given more \span or & marks than there were
in the preamble to the \halign or \valign now in progress.
So I'll assume that you meant to type \cr instead.

! Extra alignment tab has been changed to \cr.
<recently read> \endtemplate 
                             
l.120 		0  & 0  & -1 	& 0 & -1 & 4 	&
                                      0 & 0 & -1\\
You have given more \span or & marks than there were
in the preamble to the \halign or \valign now in progress.
So I'll assume that you meant to type \cr instead.

! Extra alignment tab has been changed to \cr.
<recently read> \endtemplate 
                             
l.121 		0  & 0  & 0  	&
                        -1 & 0 & 0 	& 4 & -1 & 0\\
You have given more \span or & marks than there were
in the preamble to the \halign or \valign now in progress.
So I'll assume that you meant to type \cr instead.

! Extra alignment tab has been changed to \cr.
<recently read> \endtemplate 
                             
l.121 		0  & 0  & 0  	& -1 & 0 & 0 	&
                                      4 & -1 & 0\\
You have given more \span or & marks than there were
in the preamble to the \halign or \valign now in progress.
So I'll assume that you meant to type \cr instead.

! Extra alignment tab has been changed to \cr.
<recently read> \endtemplate 
                             
l.122 		0  & 0  & 0  	&
                        0 & -1 & 0 	& -1 & 4 & -1\\
You have given more \span or & marks than there were
in the preamble to the \halign or \valign now in progress.
So I'll assume that you meant to type \cr instead.

! Extra alignment tab has been changed to \cr.
<recently read> \endtemplate 
                             
l.122 		0  & 0  & 0  	& 0 & -1 & 0 	&
                                      -1 & 4 & -1\\
You have given more \span or & marks than there were
in the preamble to the \halign or \valign now in progress.
So I'll assume that you meant to type \cr instead.

! Extra alignment tab has been changed to \cr.
<recently read> \endtemplate 
                             
l.123 		0  & 0  & 0  	&
                        0 & 0 & -1 	& 0 & -1 & 4\\
You have given more \span or & marks than there were
in the preamble to the \halign or \valign now in progress.
So I'll assume that you meant to type \cr instead.

! Extra alignment tab has been changed to \cr.
<recently read> \endtemplate 
                             
l.123 		0  & 0  & 0  	& 0 & 0 & -1 	&
                                      0 & -1 & 4\\
You have given more \span or & marks than there were
in the preamble to the \halign or \valign now in progress.
So I'll assume that you meant to type \cr instead.


LaTeX Warning: `h' float specifier changed to `ht'.

) (./Sections/Section3.tex
Package epstopdf Info: Source file: <Figures/deltaFunctionPlot.eps>
(epstopdf)                    date: 2014-05-28 19:19:51
(epstopdf)                    size: 9422002 bytes
(epstopdf)             Output file: <Figures/deltaFunctionPlot-eps-converted-to
.pdf>
(epstopdf)                    date: 2014-05-28 19:22:22
(epstopdf)                    size: 84176 bytes
(epstopdf)             Command: <repstopdf --outfile=Figures/deltaFunctionPlot-
eps-converted-to.pdf Figures/deltaFunctionPlot.eps>
(epstopdf)             \includegraphics on input line 12.
Package epstopdf Info: Output file is already uptodate.

<Figures/deltaFunctionPlot-eps-converted-to.pdf, id=81, 510.90875pt x 538.01pt>
File: Figures/deltaFunctionPlot-eps-converted-to.pdf Graphic file (type pdf)
<use Figures/deltaFunctionPlot-eps-converted-to.pdf>
Package pdftex.def Info: Figures/deltaFunctionPlot-eps-converted-to.pdf used on
 input line 12.
(pdftex.def)             Requested size: 452.9679pt x 476.9967pt.
Package epstopdf Info: Source file: <Figures/exponentialFunctionPlot.eps>
(epstopdf)                    date: 2014-05-28 19:13:59
(epstopdf)                    size: 9422008 bytes
(epstopdf)             Output file: <Figures/exponentialFunctionPlot-eps-conver
ted-to.pdf>
(epstopdf)                    date: 2014-05-28 19:14:01
(epstopdf)                    size: 118175 bytes
(epstopdf)             Command: <repstopdf --outfile=Figures/exponentialFunctio
nPlot-eps-converted-to.pdf Figures/exponentialFunctionPlot.eps>
(epstopdf)             \includegraphics on input line 18.
Package epstopdf Info: Output file is already uptodate.

<Figures/exponentialFunctionPlot-eps-converted-to.pdf, id=82, 519.9425pt x 538.
01pt>
File: Figures/exponentialFunctionPlot-eps-converted-to.pdf Graphic file (type p
df)
<use Figures/exponentialFunctionPlot-eps-converted-to.pdf>
Package pdftex.def Info: Figures/exponentialFunctionPlot-eps-converted-to.pdf u
sed on input line 18.
(pdftex.def)             Requested size: 452.9679pt x 468.70525pt.
[4]
Package epstopdf Info: Source file: <Figures/deltaConservationPlot.eps>
(epstopdf)                    date: 2014-05-28 19:34:40
(epstopdf)                    size: 43755 bytes
(epstopdf)             Output file: <Figures/deltaConservationPlot-eps-converte
d-to.pdf>
(epstopdf)                    date: 2014-05-28 19:41:19
(epstopdf)                    size: 31767 bytes
(epstopdf)             Command: <repstopdf --outfile=Figures/deltaConservationP
lot-eps-converted-to.pdf Figures/deltaConservationPlot.eps>
(epstopdf)             \includegraphics on input line 29.
Package epstopdf Info: Output file is already uptodate.

<Figures/deltaConservationPlot-eps-converted-to.pdf, id=94, 498.86375pt x 409.5
3pt>
File: Figures/deltaConservationPlot-eps-converted-to.pdf Graphic file (type pdf
)
<use Figures/deltaConservationPlot-eps-converted-to.pdf>
Package pdftex.def Info: Figures/deltaConservationPlot-eps-converted-to.pdf use
d on input line 29.
(pdftex.def)             Requested size: 321.61024pt x 264.02296pt.
[5] [6 <./Figures/deltaFunctionPlot-eps-converted-to.pdf>] [7 <./Figures/expone
ntialFunctionPlot-eps-converted-to.pdf>] [8 <./Figures/deltaConservationPlot-ep
s-converted-to.pdf>]
LaTeX Font Info:    Try loading font information for OMS+cmr on input line 37.
(/usr/local/texlive/2013/texmf-dist/tex/latex/base/omscmr.fd
File: omscmr.fd 1999/05/25 v2.5h Standard LaTeX font definitions
)
LaTeX Font Info:    Font shape `OMS/cmr/m/n' in size <12> not available
(Font)              Font shape `OMS/cmsy/m/n' tried instead on input line 37.
) [9] (./Sections/heat_equation1DL.tex [10]
Overfull \hbox (7.13034pt too wide) in paragraph at lines 119--121
\OT1/cmr/m/n/12 urePath = '/Users/kevin/SkyDrive/KTH Work/LaTeX Re-ports/Heat E
qua-tion/Figures/';
 []

) (./Sections/TwoDHeatEquation.tex [11] [12] [13]) (./.Heat_Equation.bbl)
Package atveryend Info: Empty hook `BeforeClearDocument' on input line 66.
[14]
Package atveryend Info: Empty hook `AfterLastShipout' on input line 66.
(./.Heat_Equation.aux)
Package atveryend Info: Executing hook `AtVeryEndDocument' on input line 66.
Package atveryend Info: Executing hook `AtEndAfterFileList' on input line 66.
Package rerunfilecheck Info: File `.Heat_Equation.out' has not changed.
(rerunfilecheck)             Checksum: 3EBFF44174C6882EF936E13D15C5F623;672.

LaTeX Warning: Label(s) may have changed. Rerun to get cross-references right.

Package atveryend Info: Empty hook `AtVeryVeryEnd' on input line 66.
 ) 
Here is how much of TeX's memory you used:
 777 strings out of 482777
 12434 string characters out of 5990571
 247929 words of memory out of 5000000
 14581 multiletter control sequences out of 15000+600000
 12217 words of font info for 44 fonts, out of 8000000 for 9000
 957 hyphenation exceptions out of 8191
 28i,16n,28p,754b,496s stack positions out of 5000i,500n,10000p,200000b,80000s
</usr/local/texlive/2013/texmf-dist/fonts/type1/public/amsfonts/cm/cmbx12.pfb
></usr/local/texlive/2013/texmf-dist/fonts/type1/public/amsfonts/cm/cmbx8.pfb><
/usr/local/texlive/2013/texmf-dist/fonts/type1/public/amsfonts/cm/cmex10.pfb></
usr/local/texlive/2013/texmf-dist/fonts/type1/public/amsfonts/cm/cmmi12.pfb></u
sr/local/texlive/2013/texmf-dist/fonts/type1/public/amsfonts/cm/cmmi6.pfb></usr
/local/texlive/2013/texmf-dist/fonts/type1/public/amsfonts/cm/cmmi8.pfb></usr/l
ocal/texlive/2013/texmf-dist/fonts/type1/public/amsfonts/cm/cmr12.pfb></usr/loc
al/texlive/2013/texmf-dist/fonts/type1/public/amsfonts/cm/cmr17.pfb></usr/local
/texlive/2013/texmf-dist/fonts/type1/public/amsfonts/cm/cmr6.pfb></usr/local/te
xlive/2013/texmf-dist/fonts/type1/public/amsfonts/cm/cmr8.pfb></usr/local/texli
ve/2013/texmf-dist/fonts/type1/public/amsfonts/cm/cmsy10.pfb></usr/local/texliv
e/2013/texmf-dist/fonts/type1/public/amsfonts/cm/cmsy6.pfb></usr/local/texlive/
2013/texmf-dist/fonts/type1/public/amsfonts/cm/cmsy8.pfb></usr/local/texlive/20
13/texmf-dist/fonts/type1/public/amsfonts/cm/cmti12.pfb></usr/local/texlive/201
3/texmf-dist/fonts/type1/public/amsfonts/cm/cmtt12.pfb>
Output written on .Heat_Equation.pdf (14 pages, 413772 bytes).
PDF statistics:
 268 PDF objects out of 1000 (max. 8388607)
 201 compressed objects within 3 object streams
 52 named destinations out of 1000 (max. 500000)
 53 words of extra memory for PDF output out of 10000 (max. 10000000)

